<?xml version="1.0" encoding="UTF-8"?>
<!-- Generated by org.testng.reporters.JUnitReportReporter -->
<testsuite hostname="DESKTOP-DHSC093" failures="0" tests="7" name="testingbaba_test.Checkbox_test" time="2.881" errors="0" timestamp="2024-10-15T14:38:57 IST" skipped="0">
  <testcase classname="testingbaba_test.Checkbox_test" name="Closebtn" time="0.077"/>
  <testcase classname="testingbaba_test.Checkbox_test" name="Practice" time="2.071"/>
  <testcase classname="testingbaba_test.Checkbox_test" name="Element" time="0.074"/>
  <testcase classname="testingbaba_test.Checkbox_test" name="Checkbox" time="0.160"/>
  <testcase classname="testingbaba_test.Checkbox_test" name="Mobilebtn" time="0.295"/>
  <testcase classname="testingbaba_test.Checkbox_test" name="Laptopbtn" time="0.102"/>
  <testcase classname="testingbaba_test.Checkbox_test" name="Desktopbtn" time="0.102"/>
</testsuite> <!-- testingbaba_test.Checkbox_test -->
