<?xml version="1.0" encoding="UTF-8"?>
<!-- Generated by org.testng.reporters.JUnitReportReporter -->
<testsuite hostname="DESKTOP-DHSC093" failures="0" tests="8" name="testingbaba_test.Alert_test" time="8.626" errors="0" timestamp="2024-10-22T15:42:10 IST" skipped="0">
  <testcase classname="testingbaba_test.Alert_test" name="Closebtn" time="0.072"/>
  <testcase classname="testingbaba_test.Alert_test" name="Practice" time="2.006"/>
  <testcase classname="testingbaba_test.Alert_test" name="Alert" time="0.079"/>
  <testcase classname="testingbaba_test.Alert_test" name="alertbtn" time="0.142"/>
  <testcase classname="testingbaba_test.Alert_test" name="alertbtn1" time="0.091"/>
  <testcase classname="testingbaba_test.Alert_test" name="alertbtn4" time="6.085"/>
  <testcase classname="testingbaba_test.Alert_test" name="alertbtn2" time="0.073"/>
  <testcase classname="testingbaba_test.Alert_test" name="alertbtn3" time="0.078"/>
</testsuite> <!-- testingbaba_test.Alert_test -->
