<?xml version="1.0" encoding="UTF-8"?>
<!-- Generated by org.testng.reporters.JUnitReportReporter -->
<testsuite hostname="DESKTOP-DHSC093" failures="0" tests="3" name="Guru_test.login_test" time="1.681" errors="0" timestamp="2024-10-09T11:49:43 IST" skipped="0">
  <testcase classname="Guru_test.login_test" name="title" time="0.038"/>
  <testcase classname="Guru_test.login_test" name="userid" time="1.229"/>
  <testcase classname="Guru_test.login_test" name="enterpassword" time="0.414"/>
</testsuite> <!-- Guru_test.login_test -->
