<?xml version="1.0" encoding="UTF-8"?>
<!-- Generated by org.testng.reporters.JUnitReportReporter -->
<testsuite hostname="DESKTOP-DHSC093" failures="0" tests="6" name="testingbaba_test.Radiobutton_test" time="2.751" errors="0" timestamp="2024-10-15T14:37:59 IST" skipped="0">
  <testcase classname="testingbaba_test.Radiobutton_test" name="Closebtn" time="0.138"/>
  <testcase classname="testingbaba_test.Radiobutton_test" name="Practice" time="2.119"/>
  <testcase classname="testingbaba_test.Radiobutton_test" name="Element" time="0.080"/>
  <testcase classname="testingbaba_test.Radiobutton_test" name="radiobtn" time="0.140"/>
  <testcase classname="testingbaba_test.Radiobutton_test" name="clickyes" time="0.244"/>
  <testcase classname="testingbaba_test.Radiobutton_test" name="printtext" time="0.030"/>
</testsuite> <!-- testingbaba_test.Radiobutton_test -->
