<?xml version="1.0" encoding="UTF-8"?>
<!-- Generated by org.testng.reporters.JUnitReportReporter -->
<testsuite hostname="DESKTOP-DHSC093" failures="0" tests="5" name="testingbaba_test.robortcls_test" time="6.808" errors="0" timestamp="2024-10-23T10:50:01 IST" skipped="0">
  <testcase classname="testingbaba_test.robortcls_test" name="Closebtn" time="0.099"/>
  <testcase classname="testingbaba_test.robortcls_test" name="Practice" time="2.000"/>
  <testcase classname="testingbaba_test.robortcls_test" name="Element" time="0.065"/>
  <testcase classname="testingbaba_test.robortcls_test" name="uploadbtn" time="0.203"/>
  <testcase classname="testingbaba_test.robortcls_test" name="clickonfilebtn" time="4.441"/>
</testsuite> <!-- testingbaba_test.robortcls_test -->
