<?xml version="1.0" encoding="UTF-8"?>
<!-- Generated by org.testng.reporters.JUnitReportReporter -->
<testsuite hostname="DESKTOP-DHSC093" failures="0" tests="8" name="testingbaba_test.DropDown_test" time="8.814" errors="0" timestamp="2024-10-23T16:12:22 IST" skipped="0">
  <testcase classname="testingbaba_test.DropDown_test" name="closebtn" time="0.117"/>
  <testcase classname="testingbaba_test.DropDown_test" name="practicebtn" time="2.037"/>
  <testcase classname="testingbaba_test.DropDown_test" name="Widgetsbtn" time="0.072"/>
  <testcase classname="testingbaba_test.DropDown_test" name="Selectmenubtn" time="0.269"/>
  <testcase classname="testingbaba_test.DropDown_test" name="Dropd0btn" time="0.076"/>
  <testcase classname="testingbaba_test.DropDown_test" name="option1" time="3.098"/>
  <testcase classname="testingbaba_test.DropDown_test" name="Dropd1btn" time="0.091"/>
  <testcase classname="testingbaba_test.DropDown_test" name="HTMLbtn" time="3.054"/>
</testsuite> <!-- testingbaba_test.DropDown_test -->
