<?xml version="1.0" encoding="UTF-8"?>
<!-- Generated by org.testng.reporters.JUnitReportReporter -->
<testsuite hostname="DESKTOP-DHSC093" failures="0" tests="4" name="Filpkart_test.Filpkart_login_test" time="1.362" errors="0" timestamp="2024-09-18T11:43:08 IST" skipped="0">
  <testcase classname="Filpkart_test.Filpkart_login_test" name="Flipkart" time="0.073"/>
  <testcase classname="Filpkart_test.Filpkart_login_test" name="Login_click" time="1.123"/>
  <testcase classname="Filpkart_test.Filpkart_login_test" name="Entermobile_no" time="0.110"/>
  <testcase classname="Filpkart_test.Filpkart_login_test" name="otpbtn_click" time="0.056"/>
</testsuite> <!-- Filpkart_test.Filpkart_login_test -->
