<?xml version="1.0" encoding="UTF-8"?>
<!-- Generated by org.testng.reporters.JUnitReportReporter -->
<testsuite hostname="DESKTOP-DHSC093" failures="0" tests="2" name="Filpkart_test.Filpkart_login" time="0.946" errors="0" timestamp="2024-09-17T14:34:52 IST" skipped="0">
  <testcase classname="Filpkart_test.Filpkart_login" name="Flipkart" time="0.057"/>
  <testcase classname="Filpkart_test.Filpkart_login" name="Login_click" time="0.889"/>
</testsuite> <!-- Filpkart_test.Filpkart_login -->
