<?xml version="1.0" encoding="UTF-8"?>
<!-- Generated by org.testng.reporters.JUnitReportReporter -->
<testsuite hostname="DESKTOP-DHSC093" failures="0" tests="5" name="testingbaba_test.Text_test" time="2.396" errors="0" timestamp="2024-10-21T17:10:50 IST" skipped="0">
  <testcase classname="testingbaba_test.Text_test" name="Closebtn" time="0.091"/>
  <testcase classname="testingbaba_test.Text_test" name="Practice" time="1.982"/>
  <testcase classname="testingbaba_test.Text_test" name="Elements" time="0.069"/>
  <testcase classname="testingbaba_test.Text_test" name="Text_box" time="0.127"/>
  <testcase classname="testingbaba_test.Text_test" name="Full_name" time="0.127"/>
</testsuite> <!-- testingbaba_test.Text_test -->
