<?xml version="1.0" encoding="UTF-8"?>
<!-- Generated by org.testng.reporters.JUnitReportReporter -->
<testsuite hostname="DESKTOP-DHSC093" failures="0" tests="5" name="testingbaba_test.date_test" time="2.660" errors="0" timestamp="2024-10-25T10:50:06 IST" skipped="0">
  <testcase classname="testingbaba_test.date_test" name="closebtn" time="0.082"/>
  <testcase classname="testingbaba_test.date_test" name="practicebtn" time="2.201"/>
  <testcase classname="testingbaba_test.date_test" name="widgwtsbtn" time="0.077"/>
  <testcase classname="testingbaba_test.date_test" name="pickbtn" time="0.148"/>
  <testcase classname="testingbaba_test.date_test" name="datein" time="0.152"/>
</testsuite> <!-- testingbaba_test.date_test -->
