<?xml version="1.0" encoding="UTF-8"?>
<!-- Generated by org.testng.reporters.JUnitReportReporter -->
<testsuite hostname="DESKTOP-DHSC093" failures="0" tests="6" name="testingbaba_test.autocomplete_test" time="2.567" errors="0" timestamp="2024-10-25T09:30:36 IST" skipped="0">
  <testcase classname="testingbaba_test.autocomplete_test" name="closebtn" time="0.078"/>
  <testcase classname="testingbaba_test.autocomplete_test" name="precticebtn" time="2.075"/>
  <testcase classname="testingbaba_test.autocomplete_test" name="windsbtn" time="0.079"/>
  <testcase classname="testingbaba_test.autocomplete_test" name="autocompletbtn" time="0.104"/>
  <testcase classname="testingbaba_test.autocomplete_test" name="sendinput" time="0.096"/>
  <testcase classname="testingbaba_test.autocomplete_test" name="indiabtn" time="0.135"/>
</testsuite> <!-- testingbaba_test.autocomplete_test -->
